{
  "stats": {
    "suites": 1,
    "tests": 1,
    "passes": 1,
    "pending": 0,
    "failures": 0,
    "start": "2025-11-25T13:10:21.752Z",
    "end": "2025-11-25T13:10:34.750Z",
    "duration": 12998,
    "testsRegistered": 1,
    "passPercent": 100,
    "pendingPercent": 0,
    "other": 0,
    "hasOther": false,
    "skipped": 0,
    "hasSkipped": false
  },
  "results": [
    {
      "uuid": "c5081bc8-9531-4e6b-b305-2306a3c5c555",
      "title": "",
      "fullFile": "cypress\\e2e\\test1.cy.js",
      "file": "cypress\\e2e\\test1.cy.js",
      "beforeHooks": [],
      "afterHooks": [],
      "tests": [],
      "suites": [
        {
          "uuid": "34e2c334-9a1c-41b3-9868-292ea9639cde",
          "title": "New attestation test",
          "fullFile": "",
          "file": "",
          "beforeHooks": [],
          "afterHooks": [],
          "tests": [
            {
              "title": "My new project",
              "fullTitle": "New attestation test My new project",
              "timedOut": null,
              "duration": 6545,
              "state": "passed",
              "speed": "medium",
              "pass": true,
              "fail": false,
              "pending": false,
              "context": null,
              "code": "cy.visit(\"https://parabank.parasoft.com/\");\ncy.get(\".logo\").should(\"be.visible\");",
              "err": {},
              "uuid": "36ee4739-54f0-4e8a-9bec-fe5384211216",
              "parentUUID": "34e2c334-9a1c-41b3-9868-292ea9639cde",
              "isHook": false,
              "skipped": false
            }
          ],
          "suites": [],
          "passes": [
            "36ee4739-54f0-4e8a-9bec-fe5384211216"
          ],
          "failures": [],
          "pending": [],
          "skipped": [],
          "duration": 6545,
          "root": false,
          "rootEmpty": false,
          "_timeout": 2000
        }
      ],
      "passes": [],
      "failures": [],
      "pending": [],
      "skipped": [],
      "duration": 0,
      "root": true,
      "rootEmpty": true,
      "_timeout": 2000
    }
  ],
  "meta": {
    "mocha": {
      "version": "7.2.0"
    },
    "mochawesome": {
      "options": {
        "quiet": false,
        "reportFilename": "mochawesome",
        "saveHtml": true,
        "saveJson": true,
        "consoleReporter": "spec",
        "useInlineDiffs": false,
        "code": true
      },
      "version": "7.1.4"
    },
    "marge": {
      "options": {
        "reportDir": "cypress/reports",
        "overwrite": false,
        "html": true,
        "json": true
      },
      "version": "6.3.2"
    }
  }
}