{
  "stats": {
    "suites": 1,
    "tests": 1,
    "passes": 1,
    "pending": 0,
    "failures": 0,
    "start": "2025-11-20T15:05:20.319Z",
    "end": "2025-11-20T15:05:31.178Z",
    "duration": 10859,
    "testsRegistered": 1,
    "passPercent": 100,
    "pendingPercent": 0,
    "other": 0,
    "hasOther": false,
    "skipped": 0,
    "hasSkipped": false
  },
  "results": [
    {
      "uuid": "e430055d-20b9-42f4-9ee4-5d8f2ef7acfa",
      "title": "",
      "fullFile": "cypress\\e2e\\test1.cy.js",
      "file": "cypress\\e2e\\test1.cy.js",
      "beforeHooks": [],
      "afterHooks": [],
      "tests": [],
      "suites": [
        {
          "uuid": "90ea3fad-3eb9-4f96-b2e8-d845c75c8003",
          "title": "New attestation test",
          "fullFile": "",
          "file": "",
          "beforeHooks": [],
          "afterHooks": [],
          "tests": [
            {
              "title": "My new project",
              "fullTitle": "New attestation test My new project",
              "timedOut": null,
              "duration": 4482,
              "state": "passed",
              "speed": "fast",
              "pass": true,
              "fail": false,
              "pending": false,
              "context": null,
              "code": "cy.visit(\"https://parabank.parasoft.com/\");\ncy.get(\".logo\").should(\"be.visible\");",
              "err": {},
              "uuid": "7423e195-4b05-4f8e-9ec5-00ce3aceaad2",
              "parentUUID": "90ea3fad-3eb9-4f96-b2e8-d845c75c8003",
              "isHook": false,
              "skipped": false
            }
          ],
          "suites": [],
          "passes": [
            "7423e195-4b05-4f8e-9ec5-00ce3aceaad2"
          ],
          "failures": [],
          "pending": [],
          "skipped": [],
          "duration": 4482,
          "root": false,
          "rootEmpty": false,
          "_timeout": 2000
        }
      ],
      "passes": [],
      "failures": [],
      "pending": [],
      "skipped": [],
      "duration": 0,
      "root": true,
      "rootEmpty": true,
      "_timeout": 2000
    }
  ],
  "meta": {
    "mocha": {
      "version": "7.2.0"
    },
    "mochawesome": {
      "options": {
        "quiet": false,
        "reportFilename": "mochawesome",
        "saveHtml": true,
        "saveJson": true,
        "consoleReporter": "spec",
        "useInlineDiffs": false,
        "code": true
      },
      "version": "7.1.4"
    },
    "marge": {
      "options": {
        "reportDir": "cypress/reports",
        "overwrite": false,
        "html": true,
        "json": true
      },
      "version": "6.3.2"
    }
  }
}